Determining if the pthread_create exist failed with the following output:
Change Dir: /home/pi/catkin_ws/build/CMakeFiles/CMakeTmp

Run Build Command:"/usr/bin/make" "cmTC_09d8e/fast"
make[1]: Entering directory '/home/pi/catkin_ws/build/CMakeFiles/CMakeTmp'
/usr/bin/make -f CMakeFiles/cmTC_09d8e.dir/build.make CMakeFiles/cmTC_09d8e.dir/build
make[2]: Entering directory '/home/pi/catkin_ws/build/CMakeFiles/CMakeTmp'
Building C object CMakeFiles/cmTC_09d8e.dir/CheckSymbolExists.c.o
/usr/bin/cc     -o CMakeFiles/cmTC_09d8e.dir/CheckSymbolExists.c.o   -c /home/pi/catkin_ws/build/CMakeFiles/CMakeTmp/CheckSymbolExists.c
Linking C executable cmTC_09d8e
/usr/bin/cmake -E cmake_link_script CMakeFiles/cmTC_09d8e.dir/link.txt --verbose=1
/usr/bin/cc       CMakeFiles/cmTC_09d8e.dir/CheckSymbolExists.c.o  -o cmTC_09d8e -rdynamic 
CMakeFiles/cmTC_09d8e.dir/CheckSymbolExists.c.o: In function `main':
CheckSymbolExists.c:(.text+0x38): undefined reference to `pthread_create'
collect2: error: ld returned 1 exit status
CMakeFiles/cmTC_09d8e.dir/build.make:97: recipe for target 'cmTC_09d8e' failed
make[2]: *** [cmTC_09d8e] Error 1
make[2]: Leaving directory '/home/pi/catkin_ws/build/CMakeFiles/CMakeTmp'
Makefile:126: recipe for target 'cmTC_09d8e/fast' failed
make[1]: *** [cmTC_09d8e/fast] Error 2
make[1]: Leaving directory '/home/pi/catkin_ws/build/CMakeFiles/CMakeTmp'

File /home/pi/catkin_ws/build/CMakeFiles/CMakeTmp/CheckSymbolExists.c:
/* */
#include <pthread.h>

int main(int argc, char** argv)
{
  (void)argv;
#ifndef pthread_create
  return ((int*)(&pthread_create))[argc];
#else
  (void)argc;
  return 0;
#endif
}

Determining if the function pthread_create exists in the pthreads failed with the following output:
Change Dir: /home/pi/catkin_ws/build/CMakeFiles/CMakeTmp

Run Build Command:"/usr/bin/make" "cmTC_9a9c7/fast"
make[1]: Entering directory '/home/pi/catkin_ws/build/CMakeFiles/CMakeTmp'
/usr/bin/make -f CMakeFiles/cmTC_9a9c7.dir/build.make CMakeFiles/cmTC_9a9c7.dir/build
make[2]: Entering directory '/home/pi/catkin_ws/build/CMakeFiles/CMakeTmp'
Building C object CMakeFiles/cmTC_9a9c7.dir/CheckFunctionExists.c.o
/usr/bin/cc    -DCHECK_FUNCTION_EXISTS=pthread_create   -o CMakeFiles/cmTC_9a9c7.dir/CheckFunctionExists.c.o   -c /usr/share/cmake-3.6/Modules/CheckFunctionExists.c
Linking C executable cmTC_9a9c7
/usr/bin/cmake -E cmake_link_script CMakeFiles/cmTC_9a9c7.dir/link.txt --verbose=1
/usr/bin/cc   -DCHECK_FUNCTION_EXISTS=pthread_create    CMakeFiles/cmTC_9a9c7.dir/CheckFunctionExists.c.o  -o cmTC_9a9c7 -rdynamic -lpthreads 
/usr/bin/ld: cannot find -lpthreads
collect2: error: ld returned 1 exit status
CMakeFiles/cmTC_9a9c7.dir/build.make:97: recipe for target 'cmTC_9a9c7' failed
make[2]: *** [cmTC_9a9c7] Error 1
make[2]: Leaving directory '/home/pi/catkin_ws/build/CMakeFiles/CMakeTmp'
Makefile:126: recipe for target 'cmTC_9a9c7/fast' failed
make[1]: *** [cmTC_9a9c7/fast] Error 2
make[1]: Leaving directory '/home/pi/catkin_ws/build/CMakeFiles/CMakeTmp'


